2025-09-10 18:38:08,358 - mmdet - INFO - Environment info:
------------------------------------------------------------
sys.platform: linux
Python: 3.8.20 | packaged by conda-forge | (default, Sep 30 2024, 17:52:49) [GCC 13.3.0]
CUDA available: True
GPU 0: NVIDIA GeForce RTX 2060
CUDA_HOME: /usr/local/cuda
NVCC: Build cuda_12.4.r12.4/compiler.33961263_0
GCC: gcc (Ubuntu 11.4.0-1ubuntu1~22.04.2) 11.4.0
PyTorch: 1.9.1+cu111
PyTorch compiling details: PyTorch built with:
  - GCC 7.3
  - C++ Version: 201402
  - Intel(R) Math Kernel Library Version 2020.0.0 Product Build 20191122 for Intel(R) 64 architecture applications
  - Intel(R) MKL-DNN v2.1.2 (Git Hash 98be7e8afa711dc9b66c8ff3504129cb82013cdb)
  - OpenMP 201511 (a.k.a. OpenMP 4.5)
  - NNPACK is enabled
  - CPU capability usage: AVX2
  - CUDA Runtime 11.1
  - NVCC architecture flags: -gencode;arch=compute_37,code=sm_37;-gencode;arch=compute_50,code=sm_50;-gencode;arch=compute_60,code=sm_60;-gencode;arch=compute_70,code=sm_70;-gencode;arch=compute_75,code=sm_75;-gencode;arch=compute_80,code=sm_80;-gencode;arch=compute_86,code=sm_86
  - CuDNN 8.0.5
  - Magma 2.5.2
  - Build settings: BLAS_INFO=mkl, BUILD_TYPE=Release, CUDA_VERSION=11.1, CUDNN_VERSION=8.0.5, CXX_COMPILER=/opt/rh/devtoolset-7/root/usr/bin/c++, CXX_FLAGS= -Wno-deprecated -fvisibility-inlines-hidden -DUSE_PTHREADPOOL -fopenmp -DNDEBUG -DUSE_KINETO -DUSE_FBGEMM -DUSE_QNNPACK -DUSE_PYTORCH_QNNPACK -DUSE_XNNPACK -DSYMBOLICATE_MOBILE_DEBUG_HANDLE -O2 -fPIC -Wno-narrowing -Wall -Wextra -Werror=return-type -Wno-missing-field-initializers -Wno-type-limits -Wno-array-bounds -Wno-unknown-pragmas -Wno-sign-compare -Wno-unused-parameter -Wno-unused-variable -Wno-unused-function -Wno-unused-result -Wno-unused-local-typedefs -Wno-strict-overflow -Wno-strict-aliasing -Wno-error=deprecated-declarations -Wno-stringop-overflow -Wno-psabi -Wno-error=pedantic -Wno-error=redundant-decls -Wno-error=old-style-cast -fdiagnostics-color=always -faligned-new -Wno-unused-but-set-variable -Wno-maybe-uninitialized -fno-math-errno -fno-trapping-math -Werror=format -Wno-stringop-overflow, LAPACK_INFO=mkl, PERF_WITH_AVX=1, PERF_WITH_AVX2=1, PERF_WITH_AVX512=1, TORCH_VERSION=1.9.1, USE_CUDA=ON, USE_CUDNN=ON, USE_EXCEPTION_PTR=1, USE_GFLAGS=OFF, USE_GLOG=OFF, USE_MKL=ON, USE_MKLDNN=ON, USE_MPI=OFF, USE_NCCL=ON, USE_NNPACK=ON, USE_OPENMP=ON, 

TorchVision: 0.10.1+cu111
OpenCV: 4.12.0
MMCV: 1.4.0
MMCV Compiler: GCC 11.4
MMCV CUDA Compiler: 11.8
MMDetection: 2.14.0
MMSegmentation: 0.14.1
MMDetection3D: 0.17.2+
------------------------------------------------------------

2025-09-10 18:38:09,104 - mmdet - INFO - Distributed training: False
2025-09-10 18:38:09,901 - mmdet - INFO - Config:
point_cloud_range = [-15.0, -30.0, -10.0, 15.0, 30.0, 10.0]
class_names = [
    'car', 'truck', 'construction_vehicle', 'bus', 'trailer', 'barrier',
    'motorcycle', 'bicycle', 'pedestrian', 'traffic_cone'
]
dataset_type = 'CustomNuScenesOfflineLocalMapDataset'
data_root = 'data/nuscenes/'
input_modality = dict(
    use_lidar=False,
    use_camera=True,
    use_radar=False,
    use_map=False,
    use_external=True)
file_client_args = dict(backend='disk')
train_pipeline = [
    dict(type='LoadMultiViewImageFromFiles', to_float32=True),
    dict(type='RandomScaleImageMultiViewImage', scales=[0.5]),
    dict(type='PhotoMetricDistortionMultiViewImage'),
    dict(
        type='NormalizeMultiviewImage',
        mean=[123.675, 116.28, 103.53],
        std=[58.395, 57.12, 57.375],
        to_rgb=True),
    dict(
        type='LoadPointsFromFile',
        coord_type='LIDAR',
        load_dim=5,
        use_dim=5,
        file_client_args=dict(backend='disk')),
    dict(
        type='CustomPointToMultiViewDepth',
        downsample=1,
        grid_config=dict(
            x=[-30.0, -30.0, 0.15],
            y=[-15.0, -15.0, 0.15],
            z=[-10, 10, 20],
            depth=[1.0, 35.0, 0.5])),
    dict(type='PadMultiViewImageDepth', size_divisor=32),
    dict(
        type='DefaultFormatBundle3D',
        with_gt=False,
        with_label=False,
        class_names=['divider', 'ped_crossing', 'boundary']),
    dict(type='CustomCollect3D', keys=['img', 'gt_depth'])
]
test_pipeline = [
    dict(type='LoadMultiViewImageFromFiles', to_float32=True),
    dict(type='RandomScaleImageMultiViewImage', scales=[0.5]),
    dict(
        type='NormalizeMultiviewImage',
        mean=[123.675, 116.28, 103.53],
        std=[58.395, 57.12, 57.375],
        to_rgb=True),
    dict(
        type='MultiScaleFlipAug3D',
        img_scale=(1600, 900),
        pts_scale_ratio=1,
        flip=False,
        transforms=[
            dict(type='PadMultiViewImage', size_divisor=32),
            dict(
                type='DefaultFormatBundle3D',
                with_gt=False,
                with_label=False,
                class_names=['divider', 'ped_crossing', 'boundary']),
            dict(type='CustomCollect3D', keys=['img'])
        ])
]
eval_pipeline = [
    dict(
        type='LoadPointsFromFile',
        coord_type='LIDAR',
        load_dim=5,
        use_dim=5,
        file_client_args=dict(backend='disk')),
    dict(
        type='LoadPointsFromMultiSweeps',
        sweeps_num=10,
        file_client_args=dict(backend='disk')),
    dict(
        type='DefaultFormatBundle3D',
        class_names=[
            'car', 'truck', 'trailer', 'bus', 'construction_vehicle',
            'bicycle', 'motorcycle', 'pedestrian', 'traffic_cone', 'barrier'
        ],
        with_label=False),
    dict(type='Collect3D', keys=['points'])
]
data = dict(
    samples_per_gpu=4,
    workers_per_gpu=4,
    train=dict(
        type='CustomNuScenesOfflineLocalMapDataset',
        data_root='data/nuscenes/',
        ann_file='data/nuscenes/nuscenes_map_infos_temporal_train.pkl',
        pipeline=[
            dict(type='LoadMultiViewImageFromFiles', to_float32=True),
            dict(type='RandomScaleImageMultiViewImage', scales=[0.5]),
            dict(type='PhotoMetricDistortionMultiViewImage'),
            dict(
                type='NormalizeMultiviewImage',
                mean=[123.675, 116.28, 103.53],
                std=[58.395, 57.12, 57.375],
                to_rgb=True),
            dict(
                type='LoadPointsFromFile',
                coord_type='LIDAR',
                load_dim=5,
                use_dim=5,
                file_client_args=dict(backend='disk')),
            dict(
                type='CustomPointToMultiViewDepth',
                downsample=1,
                grid_config=dict(
                    x=[-30.0, -30.0, 0.15],
                    y=[-15.0, -15.0, 0.15],
                    z=[-10, 10, 20],
                    depth=[1.0, 35.0, 0.5])),
            dict(type='PadMultiViewImageDepth', size_divisor=32),
            dict(
                type='DefaultFormatBundle3D',
                with_gt=False,
                with_label=False,
                class_names=['divider', 'ped_crossing', 'boundary']),
            dict(type='CustomCollect3D', keys=['img', 'gt_depth'])
        ],
        classes=[
            'car', 'truck', 'construction_vehicle', 'bus', 'trailer',
            'barrier', 'motorcycle', 'bicycle', 'pedestrian', 'traffic_cone'
        ],
        modality=dict(
            use_lidar=False,
            use_camera=True,
            use_radar=False,
            use_map=False,
            use_external=True),
        test_mode=False,
        box_type_3d='LiDAR',
        aux_seg=dict(
            use_aux_seg=True,
            bev_seg=True,
            pv_seg=True,
            seg_classes=1,
            feat_down_sample=32,
            pv_thickness=1),
        use_valid_flag=True,
        bev_size=(200, 100),
        pc_range=[-15.0, -30.0, -10.0, 15.0, 30.0, 10.0],
        fixed_ptsnum_per_line=20,
        eval_use_same_gt_sample_num_flag=True,
        padding_value=-10000,
        map_classes=['divider', 'ped_crossing', 'boundary'],
        queue_length=1),
    val=dict(
        type='CustomNuScenesOfflineLocalMapDataset',
        ann_file='data/nuscenes/nuscenes_map_infos_temporal_val.pkl',
        pipeline=[
            dict(type='LoadMultiViewImageFromFiles', to_float32=True),
            dict(type='RandomScaleImageMultiViewImage', scales=[0.5]),
            dict(
                type='NormalizeMultiviewImage',
                mean=[123.675, 116.28, 103.53],
                std=[58.395, 57.12, 57.375],
                to_rgb=True),
            dict(
                type='MultiScaleFlipAug3D',
                img_scale=(1600, 900),
                pts_scale_ratio=1,
                flip=False,
                transforms=[
                    dict(type='PadMultiViewImage', size_divisor=32),
                    dict(
                        type='DefaultFormatBundle3D',
                        with_gt=False,
                        with_label=False,
                        class_names=['divider', 'ped_crossing', 'boundary']),
                    dict(type='CustomCollect3D', keys=['img'])
                ])
        ],
        classes=[
            'car', 'truck', 'construction_vehicle', 'bus', 'trailer',
            'barrier', 'motorcycle', 'bicycle', 'pedestrian', 'traffic_cone'
        ],
        modality=dict(
            use_lidar=False,
            use_camera=True,
            use_radar=False,
            use_map=False,
            use_external=True),
        test_mode=True,
        box_type_3d='LiDAR',
        data_root='data/nuscenes/',
        map_ann_file='data/nuscenes/nuscenes_map_anns_val.json',
        bev_size=(200, 100),
        pc_range=[-15.0, -30.0, -10.0, 15.0, 30.0, 10.0],
        fixed_ptsnum_per_line=20,
        eval_use_same_gt_sample_num_flag=True,
        padding_value=-10000,
        map_classes=['divider', 'ped_crossing', 'boundary'],
        samples_per_gpu=1),
    test=dict(
        type='CustomNuScenesOfflineLocalMapDataset',
        data_root='data/nuscenes/',
        ann_file='data/nuscenes/nuscenes_map_infos_temporal_val.pkl',
        pipeline=[
            dict(type='LoadMultiViewImageFromFiles', to_float32=True),
            dict(type='RandomScaleImageMultiViewImage', scales=[0.5]),
            dict(
                type='NormalizeMultiviewImage',
                mean=[123.675, 116.28, 103.53],
                std=[58.395, 57.12, 57.375],
                to_rgb=True),
            dict(
                type='MultiScaleFlipAug3D',
                img_scale=(1600, 900),
                pts_scale_ratio=1,
                flip=False,
                transforms=[
                    dict(type='PadMultiViewImage', size_divisor=32),
                    dict(
                        type='DefaultFormatBundle3D',
                        with_gt=False,
                        with_label=False,
                        class_names=['divider', 'ped_crossing', 'boundary']),
                    dict(type='CustomCollect3D', keys=['img'])
                ])
        ],
        classes=[
            'car', 'truck', 'construction_vehicle', 'bus', 'trailer',
            'barrier', 'motorcycle', 'bicycle', 'pedestrian', 'traffic_cone'
        ],
        modality=dict(
            use_lidar=False,
            use_camera=True,
            use_radar=False,
            use_map=False,
            use_external=True),
        test_mode=True,
        box_type_3d='LiDAR',
        map_ann_file='data/nuscenes/nuscenes_map_anns_val.json',
        bev_size=(200, 100),
        pc_range=[-15.0, -30.0, -10.0, 15.0, 30.0, 10.0],
        fixed_ptsnum_per_line=20,
        eval_use_same_gt_sample_num_flag=True,
        padding_value=-10000,
        map_classes=['divider', 'ped_crossing', 'boundary']),
    shuffler_sampler=dict(type='DistributedGroupSampler'),
    nonshuffler_sampler=dict(type='DistributedSampler'))
evaluation = dict(
    interval=2,
    pipeline=[
        dict(type='LoadMultiViewImageFromFiles', to_float32=True),
        dict(type='RandomScaleImageMultiViewImage', scales=[0.5]),
        dict(
            type='NormalizeMultiviewImage',
            mean=[123.675, 116.28, 103.53],
            std=[58.395, 57.12, 57.375],
            to_rgb=True),
        dict(
            type='MultiScaleFlipAug3D',
            img_scale=(1600, 900),
            pts_scale_ratio=1,
            flip=False,
            transforms=[
                dict(type='PadMultiViewImage', size_divisor=32),
                dict(
                    type='DefaultFormatBundle3D',
                    with_gt=False,
                    with_label=False,
                    class_names=['divider', 'ped_crossing', 'boundary']),
                dict(type='CustomCollect3D', keys=['img'])
            ])
    ],
    metric='chamfer',
    save_best='NuscMap_chamfer/mAP',
    rule='greater')
checkpoint_config = dict(interval=2, max_keep_ckpts=1)
log_config = dict(
    interval=50,
    hooks=[dict(type='TextLoggerHook'),
           dict(type='TensorboardLoggerHook')])
dist_params = dict(backend='nccl')
log_level = 'INFO'
work_dir = './work_dirs/maptrv2_nusc_r50_24ep'
load_from = '/mnt/f/CQU/MapTR-maptrv2/ckpts/resnet50-19c8e357.pth'
resume_from = None
workflow = [('train', 1)]
plugin = True
plugin_dir = 'projects/mmdet3d_plugin/'
voxel_size = [0.15, 0.15, 20.0]
dbound = [1.0, 35.0, 0.5]
grid_config = dict(
    x=[-30.0, -30.0, 0.15],
    y=[-15.0, -15.0, 0.15],
    z=[-10, 10, 20],
    depth=[1.0, 35.0, 0.5])
img_norm_cfg = dict(
    mean=[123.675, 116.28, 103.53], std=[58.395, 57.12, 57.375], to_rgb=True)
map_classes = ['divider', 'ped_crossing', 'boundary']
num_vec = 50
fixed_ptsnum_per_gt_line = 20
fixed_ptsnum_per_pred_line = 20
eval_use_same_gt_sample_num_flag = True
num_map_classes = 3
_dim_ = 256
_pos_dim_ = 128
_ffn_dim_ = 512
_num_levels_ = 1
bev_h_ = 200
bev_w_ = 100
queue_length = 1
aux_seg_cfg = dict(
    use_aux_seg=True,
    bev_seg=True,
    pv_seg=True,
    seg_classes=1,
    feat_down_sample=32,
    pv_thickness=1)
model = dict(
    type='MapTRv2',
    use_grid_mask=True,
    video_test_mode=False,
    pretrained=dict(img='ckpts/resnet50-19c8e357.pth'),
    img_backbone=dict(
        type='ResNet',
        depth=50,
        num_stages=4,
        out_indices=(3, ),
        frozen_stages=1,
        norm_cfg=dict(type='BN', requires_grad=False),
        norm_eval=True,
        style='pytorch'),
    img_neck=dict(
        type='FPN',
        in_channels=[2048],
        out_channels=256,
        start_level=0,
        add_extra_convs='on_output',
        num_outs=1,
        relu_before_extra_convs=True),
    pts_bbox_head=dict(
        type='MapTRv2Head',
        bev_h=200,
        bev_w=100,
        num_query=900,
        num_vec_one2one=50,
        num_vec_one2many=300,
        k_one2many=6,
        num_pts_per_vec=20,
        num_pts_per_gt_vec=20,
        dir_interval=1,
        query_embed_type='instance_pts',
        transform_method='minmax',
        gt_shift_pts_pattern='v2',
        num_classes=3,
        in_channels=256,
        sync_cls_avg_factor=True,
        with_box_refine=True,
        as_two_stage=False,
        code_size=2,
        code_weights=[1.0, 1.0, 1.0, 1.0],
        aux_seg=dict(
            use_aux_seg=True,
            bev_seg=True,
            pv_seg=True,
            seg_classes=1,
            feat_down_sample=32,
            pv_thickness=1),
        transformer=dict(
            type='MapTRPerceptionTransformer',
            rotate_prev_bev=True,
            use_shift=True,
            use_can_bus=True,
            embed_dims=256,
            encoder=dict(
                type='LSSTransform',
                in_channels=256,
                out_channels=256,
                feat_down_sample=32,
                pc_range=[-15.0, -30.0, -10.0, 15.0, 30.0, 10.0],
                voxel_size=[0.15, 0.15, 20.0],
                dbound=[1.0, 35.0, 0.5],
                downsample=2,
                loss_depth_weight=3.0,
                depthnet_cfg=dict(
                    use_dcn=False, with_cp=False, aspp_mid_channels=96),
                grid_config=dict(
                    x=[-30.0, -30.0, 0.15],
                    y=[-15.0, -15.0, 0.15],
                    z=[-10, 10, 20],
                    depth=[1.0, 35.0, 0.5])),
            decoder=dict(
                type='MapTRDecoder',
                num_layers=6,
                return_intermediate=True,
                transformerlayers=dict(
                    type='DecoupledDetrTransformerDecoderLayer',
                    num_vec=50,
                    num_pts_per_vec=20,
                    attn_cfgs=[
                        dict(
                            type='MultiheadAttention',
                            embed_dims=256,
                            num_heads=8,
                            dropout=0.1),
                        dict(
                            type='MultiheadAttention',
                            embed_dims=256,
                            num_heads=8,
                            dropout=0.1),
                        dict(
                            type='CustomMSDeformableAttention',
                            embed_dims=256,
                            num_levels=1)
                    ],
                    feedforward_channels=512,
                    ffn_dropout=0.1,
                    operation_order=('self_attn', 'norm', 'self_attn', 'norm',
                                     'cross_attn', 'norm', 'ffn', 'norm')))),
        bbox_coder=dict(
            type='MapTRNMSFreeCoder',
            post_center_range=[-20, -35, -20, -35, 20, 35, 20, 35],
            pc_range=[-15.0, -30.0, -10.0, 15.0, 30.0, 10.0],
            max_num=50,
            voxel_size=[0.15, 0.15, 20.0],
            num_classes=3),
        positional_encoding=dict(
            type='LearnedPositionalEncoding',
            num_feats=128,
            row_num_embed=200,
            col_num_embed=100),
        loss_cls=dict(
            type='FocalLoss',
            use_sigmoid=True,
            gamma=2.0,
            alpha=0.25,
            loss_weight=2.0),
        loss_bbox=dict(type='L1Loss', loss_weight=0.0),
        loss_iou=dict(type='GIoULoss', loss_weight=0.0),
        loss_pts=dict(type='PtsL1Loss', loss_weight=5.0),
        loss_dir=dict(type='PtsDirCosLoss', loss_weight=0.005),
        loss_seg=dict(type='SimpleLoss', pos_weight=4.0, loss_weight=1.0),
        loss_pv_seg=dict(type='SimpleLoss', pos_weight=1.0, loss_weight=2.0)),
    train_cfg=dict(
        pts=dict(
            grid_size=[512, 512, 1],
            voxel_size=[0.15, 0.15, 20.0],
            point_cloud_range=[-15.0, -30.0, -10.0, 15.0, 30.0, 10.0],
            out_size_factor=4,
            assigner=dict(
                type='MapTRAssigner',
                cls_cost=dict(type='FocalLossCost', weight=2.0),
                reg_cost=dict(
                    type='BBoxL1Cost', weight=0.0, box_format='xywh'),
                iou_cost=dict(type='IoUCost', iou_mode='giou', weight=0.0),
                pts_cost=dict(type='OrderedPtsL1Cost', weight=5),
                pc_range=[-15.0, -30.0, -10.0, 15.0, 30.0, 10.0]))))
optimizer = dict(
    type='AdamW',
    lr=0.0006,
    paramwise_cfg=dict(custom_keys=dict(img_backbone=dict(lr_mult=0.1))),
    weight_decay=0.01)
optimizer_config = dict(grad_clip=dict(max_norm=35, norm_type=2))
lr_config = dict(
    policy='CosineAnnealing',
    warmup='linear',
    warmup_iters=500,
    warmup_ratio=0.3333333333333333,
    min_lr_ratio=0.001)
total_epochs = 24
runner = dict(type='EpochBasedRunner', max_epochs=24)
fp16 = dict(loss_scale=512.0)
find_unused_parameters = True
gpu_ids = range(0, 1)

2025-09-10 18:38:09,902 - mmdet - INFO - Set random seed to 0, deterministic: False
2025-09-10 18:38:11,211 - mmdet - INFO - initialize ResNet with init_cfg {'type': 'Pretrained', 'checkpoint': 'ckpts/resnet50-19c8e357.pth'}
